#
# A fatal error has been detected by the Java Runtime Environment:
#
#  EXCEPTION_ACCESS_VIOLATION (0xc0000005) at pc=0x0000000060ee7675, pid=1368, tid=5200
#
# JRE version: Java(TM) SE Runtime Environment (8.0_11-b12) (build 1.8.0_11-b12)
# Java VM: Java HotSpot(TM) 64-Bit Server VM (25.11-b03 mixed mode windows-amd64 compressed oops)
# Problematic frame:
# V  [jvm.dll+0x117675]
#
# Failed to write core dump. Minidumps are not enabled by default on client versions of Windows
#
# If you would like to submit a bug report, please visit:
#   http://bugreport.sun.com/bugreport/crash.jsp
#

---------------  T H R E A D  ---------------

Current thread (0x0000000018122800):  JavaThread "JDWP Transport Listener: dt_socket" daemon [_thread_in_vm, id=5200, stack(0x0000000018520000,0x0000000018620000)]

siginfo: ExceptionCode=0xc0000005, reading address 0x00003b70614d6c61

Registers:
RAX=0x000000001861f301, RBX=0x0000000018122800, RCX=0x00003b70614d6c61, RDX=0x0000000000000000
RSP=0x000000001861f320, RBP=0x00003b70614d6c61, RSI=0x000000001861f438, RDI=0x0000000001f4d760
R8 =0x0000000018122800, R9 =0x0000000000008000, R10=0x0000000000000000, R11=0x0000000019499255
R12=0x0000000000000000, R13=0x0000000016c2edb8, R14=0x0000000000000000, R15=0x0000000000000000
RIP=0x0000000060ee7675, EFLAGS=0x0000000000010202

Top of Stack: (sp=0x000000001861f320)
0x000000001861f320:   0000000018122800 0000000018122800
0x000000001861f330:   000000001861f3e8 00000000610da12b
0x000000001861f340:   0000000018122800 00000000610f698d
0x000000001861f350:   0000000000000000 000000005e689149
0x000000001861f360:   0000000016c20a50 000000005e692912
0x000000001861f370:   0000000018122800 0000000000000000
0x000000001861f380:   0000000000000000 0000000000000000
0x000000001861f390:   00003b70614d6c61 000000005e691a09
0x000000001861f3a0:   000000001861f438 000000001861f410
0x000000001861f3b0:   0000000000000001 0000000016c20a50
0x000000001861f3c0:   00003b70614d6c61 000000005e6753b3
0x000000001861f3d0:   000000001861f500 0000000000000001
0x000000001861f3e0:   0000000000000001 0000000016c20a50
0x000000001861f3f0:   00000000f0001041 0000000000000000
0x000000001861f400:   0000000000000000 0000000000000000
0x000000001861f410:   0000000000000001 000000005e675571 

Instructions: (pc=0x0000000060ee7675)
0x0000000060ee7655:   cc cc cc cc cc cc cc cc cc cc cc 48 83 ec 28 48
0x0000000060ee7665:   85 c9 75 07 33 c0 48 83 c4 28 c3 48 89 5c 24 20
0x0000000060ee7675:   48 8b 19 48 85 db 74 20 48 83 fb 37 74 1a 48 8b
0x0000000060ee7685:   13 48 8b cb ff 52 08 84 c0 74 0d 48 8b c3 48 8b 


Register to memory mapping:

RAX=0x000000001861f301 is pointing into the stack for thread: 0x0000000018122800
RBX=0x0000000018122800 is a thread
RCX=0x00003b70614d6c61 is an unknown value
RDX=0x0000000000000000 is an unknown value
RSP=0x000000001861f320 is pointing into the stack for thread: 0x0000000018122800
RBP=0x00003b70614d6c61 is an unknown value
RSI=0x000000001861f438 is pointing into the stack for thread: 0x0000000018122800
RDI=0x0000000001f4d760 is an unknown value
R8 =0x0000000018122800 is a thread
R9 =0x0000000000008000 is an unknown value
R10=0x0000000000000000 is an unknown value
R11=0x0000000019499255 is an unknown value
R12=0x0000000000000000 is an unknown value
R13=0x0000000016c2edb8 is an unknown value
R14=0x0000000000000000 is an unknown value
R15=0x0000000000000000 is an unknown value


Stack: [0x0000000018520000,0x0000000018620000],  sp=0x000000001861f320,  free space=1020k
Native frames: (J=compiled Java code, j=interpreted, Vv=VM code, C=native code)
V  [jvm.dll+0x117675]
V  [jvm.dll+0x32698d]
C  [jdwp.dll+0x21a09]
C  [jdwp.dll+0x53b3]
C  [jdwp.dll+0x5571]
C  [jdwp.dll+0xf09c]
C  [jdwp.dll+0x1f2c9]
C  [jdwp.dll+0x1f49e]
V  [jvm.dll+0x1a73a8]
V  [jvm.dll+0x2234b4]
V  [jvm.dll+0x27bcca]
C  [msvcr100.dll+0x21d9f]
C  [msvcr100.dll+0x21e3b]
C  [KERNEL32.DLL+0x168d]
C  [ntdll.dll+0x74629]


---------------  P R O C E S S  ---------------

Java Threads: ( => current thread )
  0x000000001d200800 JavaThread "DestroyJavaVM" [_thread_blocked, id=5876, stack(0x0000000001e40000,0x0000000001f40000)]
  0x000000001d1fe800 JavaThread "http-nio-8080-Acceptor" daemon [_thread_in_native, id=4616, stack(0x0000000023300000,0x0000000023400000)]
  0x000000001d1fd000 JavaThread "http-nio-8080-ClientPoller" daemon [_thread_in_native, id=4872, stack(0x0000000023200000,0x0000000023300000)]
  0x000000001d1ff000 JavaThread "http-nio-8080-exec-10" daemon [_thread_blocked, id=4416, stack(0x0000000022db0000,0x0000000022eb0000)]
  0x000000001d200000 JavaThread "http-nio-8080-exec-9" daemon [_thread_blocked, id=2080, stack(0x0000000022cb0000,0x0000000022db0000)]
  0x000000001d1f9000 JavaThread "http-nio-8080-exec-8" daemon [_thread_blocked, id=196, stack(0x0000000022bb0000,0x0000000022cb0000)]
  0x000000001d1fc000 JavaThread "http-nio-8080-exec-7" daemon [_thread_blocked, id=2072, stack(0x0000000022ab0000,0x0000000022bb0000)]
  0x000000001d1fa800 JavaThread "http-nio-8080-exec-6" daemon [_thread_blocked, id=4452, stack(0x00000000216f0000,0x00000000217f0000)]
  0x000000001d1fa000 JavaThread "http-nio-8080-exec-5" daemon [_thread_blocked, id=5140, stack(0x00000000215f0000,0x00000000216f0000)]
  0x000000001d1fb800 JavaThread "http-nio-8080-exec-4" daemon [_thread_blocked, id=3224, stack(0x00000000214f0000,0x00000000215f0000)]
  0x000000001a738000 JavaThread "http-nio-8080-exec-3" daemon [_thread_blocked, id=2288, stack(0x00000000211c0000,0x00000000212c0000)]
  0x000000001a736000 JavaThread "http-nio-8080-exec-2" daemon [_thread_blocked, id=4832, stack(0x00000000210c0000,0x00000000211c0000)]
  0x000000001a736800 JavaThread "http-nio-8080-exec-1" daemon [_thread_blocked, id=4648, stack(0x0000000020fc0000,0x00000000210c0000)]
  0x000000001a737800 JavaThread "http-nio-8080-BlockPoller" daemon [_thread_in_native, id=6112, stack(0x0000000020ec0000,0x0000000020fc0000)]
  0x000000001a735000 JavaThread "HikariPool-1 connection adder" daemon [_thread_blocked, id=6128, stack(0x000000001fcb0000,0x000000001fdb0000)]
  0x000000001a731000 JavaThread "HikariPool-1 housekeeper" daemon [_thread_blocked, id=1444, stack(0x000000001f8a0000,0x000000001f9a0000)]
  0x000000001a733800 JavaThread "PostgreSQL-JDBC-SharedTimer-1" daemon [_thread_blocked, id=4836, stack(0x000000001f080000,0x000000001f180000)]
  0x000000001a734800 JavaThread "container-0" [_thread_blocked, id=4844, stack(0x000000001f2f0000,0x000000001f3f0000)]
  0x000000001a732000 JavaThread "Catalina-utility-2" [_thread_blocked, id=4048, stack(0x000000001f1f0000,0x000000001f2f0000)]
  0x000000001c3c6800 JavaThread "Catalina-utility-1" [_thread_blocked, id=744, stack(0x0000000019920000,0x0000000019a20000)]
  0x000000001818d000 JavaThread "Service Thread" daemon [_thread_blocked, id=376, stack(0x0000000018b20000,0x0000000018c20000)]
  0x0000000018185000 JavaThread "C1 CompilerThread2" daemon [_thread_blocked, id=5960, stack(0x0000000018a20000,0x0000000018b20000)]
  0x0000000018184800 JavaThread "C2 CompilerThread1" daemon [_thread_blocked, id=2820, stack(0x0000000018920000,0x0000000018a20000)]
  0x0000000018139800 JavaThread "C2 CompilerThread0" daemon [_thread_blocked, id=936, stack(0x0000000018820000,0x0000000018920000)]
  0x000000001812e000 JavaThread "JDWP Command Reader" daemon [_thread_in_native, id=368, stack(0x0000000018720000,0x0000000018820000)]
  0x000000001812b000 JavaThread "JDWP Event Helper Thread" daemon [_thread_blocked, id=3324, stack(0x0000000018620000,0x0000000018720000)]
=>0x0000000018122800 JavaThread "JDWP Transport Listener: dt_socket" daemon [_thread_in_vm, id=5200, stack(0x0000000018520000,0x0000000018620000)]
  0x0000000016c26800 JavaThread "Attach Listener" daemon [_thread_blocked, id=4136, stack(0x0000000018020000,0x0000000018120000)]
  0x0000000016c25800 JavaThread "Signal Dispatcher" daemon [_thread_blocked, id=568, stack(0x0000000017f20000,0x0000000018020000)]
  0x0000000002049000 JavaThread "Finalizer" daemon [_thread_blocked, id=6084, stack(0x0000000017e20000,0x0000000017f20000)]
  0x0000000016b98000 JavaThread "Reference Handler" daemon [_thread_blocked, id=3288, stack(0x0000000017d20000,0x0000000017e20000)]

Other Threads:
  0x0000000016b97000 VMThread [stack: 0x0000000017c20000,0x0000000017d20000] [id=3724]
  0x0000000018191000 WatcherThread [stack: 0x0000000018c20000,0x0000000018d20000] [id=3284]

VM state:not at safepoint (normal execution)

VM Mutex/Monitor currently owned by a thread: None

Heap:
 PSYoungGen      total 76288K, used 28449K [0x00000000d5b80000, 0x00000000dba80000, 0x0000000100000000)
  eden space 62976K, 27% used [0x00000000d5b80000,0x00000000d6c602b8,0x00000000d9900000)
  from space 13312K, 83% used [0x00000000d9900000,0x00000000da3e84a8,0x00000000da600000)
  to   space 14848K, 0% used [0x00000000dac00000,0x00000000dac00000,0x00000000dba80000)
 ParOldGen       total 23552K, used 17722K [0x0000000081200000, 0x0000000082900000, 0x00000000d5b80000)
  object space 23552K, 75% used [0x0000000081200000,0x000000008234e8d0,0x0000000082900000)
 Metaspace       used 61784K, capacity 64894K, committed 65152K, reserved 1105920K
  class space    used 8571K, capacity 9052K, committed 9088K, reserved 1048576K

Card table byte_map: [0x0000000011410000,0x0000000011810000] byte_map_base: 0x0000000011007000

Marking Bits: (ParMarkBitMap*) 0x00000000615812b0
 Begin Bits: [0x0000000011ec0000, 0x0000000013e78000)
 End Bits:   [0x0000000013e78000, 0x0000000015e30000)

Polling page: 0x0000000000630000

CodeCache: size=245760Kb used=16460Kb max_used=16460Kb free=229299Kb
 bounds [0x0000000002050000, 0x0000000003070000, 0x0000000011050000]
 total_blobs=5122 nmethods=4571 adapters=471
 compilation: enabled

Compilation events (10 events):
Event: 174.334 Thread 0x0000000018185000 5066   !   3       sun.security.util.DisabledAlgorithmConstraints$KeySizeConstraints::disables (109 bytes)
Event: 174.335 Thread 0x0000000018185000 nmethod 5066 0x000000000306a1d0 code [0x000000000306a400, 0x000000000306b058]
Event: 174.335 Thread 0x0000000018185000 5067       3       sun.security.ssl.HandshakeInStream::mark (9 bytes)
Event: 174.335 Thread 0x0000000018185000 nmethod 5067 0x000000000306d190 code [0x000000000306d300, 0x000000000306d4d0]
Event: 174.340 Thread 0x0000000018185000 5068       1       sun.security.ssl.CipherSuite$PRF::getPRFHashAlg (5 bytes)
Event: 174.340 Thread 0x0000000018185000 nmethod 5068 0x000000000306d5d0 code [0x000000000306d720, 0x000000000306d830]
Event: 174.422 Thread 0x0000000018185000 5069       3       sun.security.ssl.ProtocolVersion::valueOf (24 bytes)
Event: 174.422 Thread 0x0000000018185000 nmethod 5069 0x000000000306d890 code [0x000000000306da00, 0x000000000306db88]
Event: 174.422 Thread 0x0000000018185000 5070       3       sun.security.ssl.ProtocolVersion::valueOf (122 bytes)
Event: 174.423 Thread 0x0000000018185000 nmethod 5070 0x000000000306dc10 code [0x000000000306de40, 0x000000000306eaa8]

GC Heap History (10 events):
Event: 14.254 GC heap before
{Heap before GC invocations=26 (full 2):
 PSYoungGen      total 65024K, used 60702K [0x00000000d5b80000, 0x00000000da780000, 0x0000000100000000)
  eden space 58368K, 93% used [0x00000000d5b80000,0x00000000d908e0d8,0x00000000d9480000)
  from space 6656K, 95% used [0x00000000d9480000,0x00000000d9ab9928,0x00000000d9b00000)
  to   space 7680K, 0% used [0x00000000da000000,0x00000000da000000,0x00000000da780000)
 ParOldGen       total 14336K, used 10687K [0x0000000081200000, 0x0000000082000000, 0x00000000d5b80000)
  object space 14336K, 74% used [0x0000000081200000,0x0000000081c6ffa8,0x0000000082000000)
 Metaspace       used 43225K, capacity 45058K, committed 45340K, reserved 1089536K
  class space    used 5863K, capacity 6174K, committed 6272K, reserved 1048576K
Event: 14.273 GC heap after
Heap after GC invocations=26 (full 2):
 PSYoungGen      total 66560K, used 7670K [0x00000000d5b80000, 0x00000000db100000, 0x0000000100000000)
  eden space 58880K, 0% used [0x00000000d5b80000,0x00000000d5b80000,0x00000000d9500000)
  from space 7680K, 99% used [0x00000000da000000,0x00000000da77d9e8,0x00000000da780000)
  to   space 11264K, 0% used [0x00000000d9500000,0x00000000d9500000,0x00000000da000000)
 ParOldGen       total 16384K, used 15965K [0x0000000081200000, 0x0000000082200000, 0x00000000d5b80000)
  object space 16384K, 97% used [0x0000000081200000,0x0000000082197720,0x0000000082200000)
 Metaspace       used 43225K, capacity 45058K, committed 45340K, reserved 1089536K
  class space    used 5863K, capacity 6174K, committed 6272K, reserved 1048576K
}
Event: 14.273 GC heap before
{Heap before GC invocations=27 (full 3):
 PSYoungGen      total 66560K, used 7670K [0x00000000d5b80000, 0x00000000db100000, 0x0000000100000000)
  eden space 58880K, 0% used [0x00000000d5b80000,0x00000000d5b80000,0x00000000d9500000)
  from space 7680K, 99% used [0x00000000da000000,0x00000000da77d9e8,0x00000000da780000)
  to   space 11264K, 0% used [0x00000000d9500000,0x00000000d9500000,0x00000000da000000)
 ParOldGen       total 16384K, used 15965K [0x0000000081200000, 0x0000000082200000, 0x00000000d5b80000)
  object space 16384K, 97% used [0x0000000081200000,0x0000000082197720,0x0000000082200000)
 Metaspace       used 43225K, capacity 45058K, committed 45340K, reserved 1089536K
  class space    used 5863K, capacity 6174K, committed 6272K, reserved 1048576K
Event: 14.468 GC heap after
Heap after GC invocations=27 (full 3):
 PSYoungGen      total 66560K, used 3375K [0x00000000d5b80000, 0x00000000db100000, 0x0000000100000000)
  eden space 58880K, 0% used [0x00000000d5b80000,0x00000000d5b80000,0x00000000d9500000)
  from space 7680K, 43% used [0x00000000da000000,0x00000000da34be58,0x00000000da780000)
  to   space 11264K, 0% used [0x00000000d9500000,0x00000000d9500000,0x00000000da000000)
 ParOldGen       total 23552K, used 16303K [0x0000000081200000, 0x0000000082900000, 0x00000000d5b80000)
  object space 23552K, 69% used [0x0000000081200000,0x00000000821ebf80,0x0000000082900000)
 Metaspace       used 43225K, capacity 45058K, committed 45340K, reserved 1089536K
  class space    used 5863K, capacity 6174K, committed 6272K, reserved 1048576K
}
Event: 16.128 GC heap before
{Heap before GC invocations=28 (full 3):
 PSYoungGen      total 66560K, used 62255K [0x00000000d5b80000, 0x00000000db100000, 0x0000000100000000)
  eden space 58880K, 100% used [0x00000000d5b80000,0x00000000d9500000,0x00000000d9500000)
  from space 7680K, 43% used [0x00000000da000000,0x00000000da34be58,0x00000000da780000)
  to   space 11264K, 0% used [0x00000000d9500000,0x00000000d9500000,0x00000000da000000)
 ParOldGen       total 23552K, used 16303K [0x0000000081200000, 0x0000000082900000, 0x00000000d5b80000)
  object space 23552K, 69% used [0x0000000081200000,0x00000000821ebf80,0x0000000082900000)
 Metaspace       used 50751K, capacity 52756K, committed 52992K, reserved 1095680K
  class space    used 7064K, capacity 7417K, committed 7424K, reserved 1048576K
Event: 16.144 GC heap after
Heap after GC invocations=28 (full 3):
 PSYoungGen      total 70144K, used 8961K [0x00000000d5b80000, 0x00000000db200000, 0x0000000100000000)
  eden space 58880K, 0% used [0x00000000d5b80000,0x00000000d5b80000,0x00000000d9500000)
  from space 11264K, 79% used [0x00000000d9500000,0x00000000d9dc0498,0x00000000da000000)
  to   space 12288K, 0% used [0x00000000da600000,0x00000000da600000,0x00000000db200000)
 ParOldGen       total 23552K, used 17706K [0x0000000081200000, 0x0000000082900000, 0x00000000d5b80000)
  object space 23552K, 75% used [0x0000000081200000,0x000000008234a8d0,0x0000000082900000)
 Metaspace       used 50751K, capacity 52756K, committed 52992K, reserved 1095680K
  class space    used 7064K, capacity 7417K, committed 7424K, reserved 1048576K
}
Event: 17.924 GC heap before
{Heap before GC invocations=29 (full 3):
 PSYoungGen      total 70144K, used 67841K [0x00000000d5b80000, 0x00000000db200000, 0x0000000100000000)
  eden space 58880K, 100% used [0x00000000d5b80000,0x00000000d9500000,0x00000000d9500000)
  from space 11264K, 79% used [0x00000000d9500000,0x00000000d9dc0498,0x00000000da000000)
  to   space 12288K, 0% used [0x00000000da600000,0x00000000da600000,0x00000000db200000)
 ParOldGen       total 23552K, used 17706K [0x0000000081200000, 0x0000000082900000, 0x00000000d5b80000)
  object space 23552K, 75% used [0x0000000081200000,0x000000008234a8d0,0x0000000082900000)
 Metaspace       used 56362K, capacity 58940K, committed 59264K, reserved 1099776K
  class space    used 7822K, capacity 8239K, committed 8320K, reserved 1048576K
Event: 17.945 GC heap after
Heap after GC invocations=29 (full 3):
 PSYoungGen      total 75264K, used 9207K [0x00000000d5b80000, 0x00000000db400000, 0x0000000100000000)
  eden space 62976K, 0% used [0x00000000d5b80000,0x00000000d5b80000,0x00000000d9900000)
  from space 12288K, 74% used [0x00000000da600000,0x00000000daefdfa0,0x00000000db200000)
  to   space 13312K, 0% used [0x00000000d9900000,0x00000000d9900000,0x00000000da600000)
 ParOldGen       total 23552K, used 17714K [0x0000000081200000, 0x0000000082900000, 0x00000000d5b80000)
  object space 23552K, 75% used [0x0000000081200000,0x000000008234c8d0,0x0000000082900000)
 Metaspace       used 56362K, capacity 58940K, committed 59264K, reserved 1099776K
  class space    used 7822K, capacity 8239K, committed 8320K, reserved 1048576K
}
Event: 25.788 GC heap before
{Heap before GC invocations=30 (full 3):
 PSYoungGen      total 75264K, used 72183K [0x00000000d5b80000, 0x00000000db400000, 0x0000000100000000)
  eden space 62976K, 100% used [0x00000000d5b80000,0x00000000d9900000,0x00000000d9900000)
  from space 12288K, 74% used [0x00000000da600000,0x00000000daefdfa0,0x00000000db200000)
  to   space 13312K, 0% used [0x00000000d9900000,0x00000000d9900000,0x00000000da600000)
 ParOldGen       total 23552K, used 17714K [0x0000000081200000, 0x0000000082900000, 0x00000000d5b80000)
  object space 23552K, 75% used [0x0000000081200000,0x000000008234c8d0,0x0000000082900000)
 Metaspace       used 60886K, capacity 63970K, committed 64128K, reserved 1103872K
  class space    used 8462K, capacity 8972K, committed 9088K, reserved 1048576K
Event: 25.803 GC heap after
Heap after GC invocations=30 (full 3):
 PSYoungGen      total 76288K, used 11169K [0x00000000d5b80000, 0x00000000dba80000, 0x0000000100000000)
  eden space 62976K, 0% used [0x00000000d5b80000,0x00000000d5b80000,0x00000000d9900000)
  from space 13312K, 83% used [0x00000000d9900000,0x00000000da3e84a8,0x00000000da600000)
  to   space 14848K, 0% used [0x00000000dac00000,0x00000000dac00000,0x00000000dba80000)
 ParOldGen       total 23552K, used 17722K [0x0000000081200000, 0x0000000082900000, 0x00000000d5b80000)
  object space 23552K, 75% used [0x0000000081200000,0x000000008234e8d0,0x0000000082900000)
 Metaspace       used 60886K, capacity 63970K, committed 64128K, reserved 1103872K
  class space    used 8462K, capacity 8972K, committed 9088K, reserved 1048576K
}

Deoptimization events (10 events):
Event: 18.279 Thread 0x0000000001f55800 Uncommon trap: reason=unreached action=reinterpret pc=0x0000000002db3eb8 method=org.springframework.beans.factory.support.AbstractBeanFactory.isTypeMatch(Ljava/lang/String;Lorg/springframework/core/ResolvableType;Z)Z @ 559
Event: 18.366 Thread 0x0000000001f55800 Uncommon trap: reason=class_check action=maybe_recompile pc=0x0000000002c43114 method=sun.reflect.generics.reflectiveObjects.TypeVariableImpl.hashCode()I @ 4
Event: 18.367 Thread 0x0000000001f55800 Uncommon trap: reason=class_check action=maybe_recompile pc=0x0000000002c43114 method=sun.reflect.generics.reflectiveObjects.TypeVariableImpl.hashCode()I @ 4
Event: 18.367 Thread 0x0000000001f55800 Uncommon trap: reason=class_check action=maybe_recompile pc=0x0000000002c43114 method=sun.reflect.generics.reflectiveObjects.TypeVariableImpl.hashCode()I @ 4
Event: 18.367 Thread 0x0000000001f55800 Uncommon trap: reason=class_check action=maybe_recompile pc=0x0000000002c43114 method=sun.reflect.generics.reflectiveObjects.TypeVariableImpl.hashCode()I @ 4
Event: 18.377 Thread 0x0000000001f55800 Uncommon trap: reason=null_assert action=make_not_entrant pc=0x0000000002a588c0 method=java.util.concurrent.ConcurrentHashMap.putVal(Ljava/lang/Object;Ljava/lang/Object;Z)Ljava/lang/Object; @ 264
Event: 18.428 Thread 0x0000000001f55800 Uncommon trap: reason=null_assert action=make_not_entrant pc=0x000000000246432c method=java.util.concurrent.ConcurrentHashMap.transfer([Ljava/util/concurrent/ConcurrentHashMap$Node;[Ljava/util/concurrent/ConcurrentHashMap$Node;)V @ 557
Event: 18.428 Thread 0x0000000001f55800 Uncommon trap: reason=null_assert action=make_not_entrant pc=0x0000000002467e50 method=java.util.concurrent.ConcurrentHashMap.transfer([Ljava/util/concurrent/ConcurrentHashMap$Node;[Ljava/util/concurrent/ConcurrentHashMap$Node;)V @ 557
Event: 18.478 Thread 0x0000000001f55800 Uncommon trap: reason=unreached action=reinterpret pc=0x0000000002f33228 method=org.springframework.core.annotation.TypeMappedAnnotations$IsPresent.doWithAnnotations(Ljava/lang/Object;ILjava/lang/Object;[Ljava/lang/annotation/Annotation;)Ljava/lang/Boolean5¶¹VÎ2@
Event: 18.806 Thread 0x0000000001f55800 Uncommon trap: reason=null_check action=make_not_entrant pc=0x0000000002857efc method=org.springframework.util.ClassUtils.isAssignable(Ljava/lang/Class;Ljava/lang/Class;)Z @ 14

Internal exceptions (10 events):
Event: 86.199 Thread 0x000000001d1fa800 Exception <a 'java/security/PrivilegedActionException'> (0x00000000d656d758) thrown at [C:\re\workspace\8-2-build-windows-amd64-cygwin\jdk8u11\648\hotspot\src\share\vm\prims\jvm.cpp, line 1248]
Event: 86.199 Thread 0x000000001d1fa800 Exception <a 'java/security/PrivilegedActionException'> (0x00000000d6575e08) thrown at [C:\re\workspace\8-2-build-windows-amd64-cygwin\jdk8u11\648\hotspot\src\share\vm\prims\jvm.cpp, line 1248]
Event: 86.200 Thread 0x000000001d1fa800 Exception <a 'java/security/PrivilegedActionException'> (0x00000000d657e3b8) thrown at [C:\re\workspace\8-2-build-windows-amd64-cygwin\jdk8u11\648\hotspot\src\share\vm\prims\jvm.cpp, line 1248]
Event: 86.202 Thread 0x000000001d1fa800 Exception <a 'java/security/PrivilegedActionException'> (0x00000000d65872d8) thrown at [C:\re\workspace\8-2-build-windows-amd64-cygwin\jdk8u11\648\hotspot\src\share\vm\prims\jvm.cpp, line 1248]
Event: 86.203 Thread 0x000000001d1fa800 Exception <a 'java/security/PrivilegedActionException'> (0x00000000d658f388) thrown at [C:\re\workspace\8-2-build-windows-amd64-cygwin\jdk8u11\648\hotspot\src\share\vm\prims\jvm.cpp, line 1248]
Event: 86.204 Thread 0x000000001d1fa800 Exception <a 'java/security/PrivilegedActionException'> (0x00000000d6596c68) thrown at [C:\re\workspace\8-2-build-windows-amd64-cygwin\jdk8u11\648\hotspot\src\share\vm\prims\jvm.cpp, line 1248]
Event: 86.207 Thread 0x000000001d1fa800 Exception <a 'java/security/PrivilegedActionException'> (0x00000000d65a0d68) thrown at [C:\re\workspace\8-2-build-windows-amd64-cygwin\jdk8u11\648\hotspot\src\share\vm\prims\jvm.cpp, line 1248]
Event: 86.291 Thread 0x000000001d1fa800 Exception <a 'java/security/PrivilegedActionException'> (0x00000000d65ac278) thrown at [C:\re\workspace\8-2-build-windows-amd64-cygwin\jdk8u11\648\hotspot\src\share\vm\prims\jvm.cpp, line 1248]
Event: 86.292 Thread 0x000000001d1fa800 Exception <a 'java/security/PrivilegedActionException'> (0x00000000d65b51d8) thrown at [C:\re\workspace\8-2-build-windows-amd64-cygwin\jdk8u11\648\hotspot\src\share\vm\prims\jvm.cpp, line 1248]
Event: 86.293 Thread 0x000000001d1fa800 Exception <a 'java/security/PrivilegedActionException'> (0x00000000d65bdfa8) thrown at [C:\re\workspace\8-2-build-windows-amd64-cygwin\jdk8u11\648\hotspot\src\share\vm\prims\jvm.cpp, line 1248]

Events (10 events):
Event: 173.980 Thread 0x000000001a735000 DEOPT PACKING pc=0x0000000002b268e4 sp=0x000000001fdae710
Event: 173.980 Thread 0x000000001a735000 DEOPT UNPACKING pc=0x0000000002097604 sp=0x000000001fdae440 mode 1
Event: 174.244 Thread 0x000000001a735000 DEOPT PACKING pc=0x0000000002b268e4 sp=0x000000001fdae590
Event: 174.244 Thread 0x000000001a735000 DEOPT UNPACKING pc=0x0000000002097604 sp=0x000000001fdae2c0 mode 1
Event: 174.589 Thread 0x000000001a735000 DEOPT PACKING pc=0x0000000003055e04 sp=0x000000001fdae490
Event: 174.590 Thread 0x000000001a735000 DEOPT UNPACKING pc=0x0000000002097604 sp=0x000000001fdae248 mode 1
Event: 174.590 Thread 0x000000001a735000 DEOPT PACKING pc=0x000000000305712c sp=0x000000001fdae490
Event: 174.590 Thread 0x000000001a735000 DEOPT UNPACKING pc=0x0000000002097604 sp=0x000000001fdae248 mode 1
Event: 178.655 Executing VM operation: RedefineClasses
Event: 178.713 Executing VM operation: RedefineClasses done


Dynamic libraries:
0x00007ff6639a0000 - 0x00007ff6639d4000 	C:\Program Files\Java\jdk1.8.0_11\bin\java.exe
0x00007ffd234c0000 - 0x00007ffd2366a000 	C:\Windows\SYSTEM32\ntdll.dll
0x00007ffd219d0000 - 0x00007ffd21b0a000 	C:\Windows\system32\KERNEL32.DLL
0x00007ffd20c10000 - 0x00007ffd20d20000 	C:\Windows\system32\KERNELBASE.dll
0x00007ffd1f420000 - 0x00007ffd1f4a8000 	C:\Windows\system32\apphelp.dll
0x00007ffd112a0000 - 0x00007ffd112ef000 	C:\Windows\AppPatch\AppPatch64\AcGenral.DLL
0x00007ffd21dc0000 - 0x00007ffd21e67000 	C:\Windows\system32\msvcrt.dll
0x00007ffd206c0000 - 0x00007ffd206eb000 	C:\Windows\SYSTEM32\SspiCli.dll
0x00007ffd218c0000 - 0x00007ffd21911000 	C:\Windows\system32\SHLWAPI.dll
0x00007ffd20ef0000 - 0x00007ffd21061000 	C:\Windows\system32\USER32.dll
0x00007ffd211d0000 - 0x00007ffd21348000 	C:\Windows\system32\ole32.dll
0x00007ffd21fe0000 - 0x00007ffd233f7000 	C:\Windows\system32\SHELL32.dll
0x00007ffd1fea0000 - 0x00007ffd1febf000 	C:\Windows\SYSTEM32\USERENV.dll
0x00007ffd21920000 - 0x00007ffd219c5000 	C:\Windows\system32\ADVAPI32.dll
0x00007ffd18ed0000 - 0x00007ffd18eeb000 	C:\Windows\SYSTEM32\MPR.dll
0x00007ffd21e90000 - 0x00007ffd21fc6000 	C:\Windows\system32\RPCRT4.dll
0x00007ffd23460000 - 0x00007ffd234b7000 	C:\Windows\SYSTEM32\sechost.dll
0x00007ffd21b40000 - 0x00007ffd21d16000 	C:\Windows\SYSTEM32\combase.dll
0x00007ffd216d0000 - 0x00007ffd21815000 	C:\Windows\system32\GDI32.dll
0x00007ffd20810000 - 0x00007ffd20824000 	C:\Windows\SYSTEM32\profapi.dll
0x00007ffd1f0f0000 - 0x00007ffd1f18f000 	C:\Windows\SYSTEM32\SHCORE.dll
0x00007ffd21d80000 - 0x00007ffd21db4000 	C:\Windows\system32\IMM32.DLL
0x00007ffd21070000 - 0x00007ffd211c1000 	C:\Windows\system32\MSCTF.dll
0x00007ffd1e7d0000 - 0x00007ffd1ea2a000 	C:\Windows\WinSxS\amd64_microsoft.windows.common-controls_6595b64144ccf1df_6.0.9600.17031_none_6242a4b3ecbb55a1\COMCTL32.dll
0x0000000060cf0000 - 0x0000000060dc2000 	C:\Program Files\Java\jdk1.8.0_11\jre\bin\msvcr100.dll
0x0000000060dd0000 - 0x00000000615fa000 	C:\Program Files\Java\jdk1.8.0_11\jre\bin\server\jvm.dll
0x00007ffd17870000 - 0x00007ffd17879000 	C:\Windows\SYSTEM32\WSOCK32.dll
0x00007ffd1ea90000 - 0x00007ffd1eaaf000 	C:\Windows\SYSTEM32\WINMM.dll
0x00007ffd21b30000 - 0x00007ffd21b37000 	C:\Windows\system32\PSAPI.DLL
0x00007ffd23400000 - 0x00007ffd23458000 	C:\Windows\system32\WS2_32.dll
0x00007ffd1e770000 - 0x00007ffd1e79a000 	C:\Windows\SYSTEM32\WINMMBASE.dll
0x00007ffd21fd0000 - 0x00007ffd21fd9000 	C:\Windows\system32\NSI.dll
0x00007ffd20b10000 - 0x00007ffd20b5a000 	C:\Windows\SYSTEM32\cfgmgr32.dll
0x00007ffd1f690000 - 0x00007ffd1f6b6000 	C:\Windows\SYSTEM32\DEVOBJ.dll
0x0000000062800000 - 0x000000006280f000 	C:\Program Files\Java\jdk1.8.0_11\jre\bin\verify.dll
0x0000000061da0000 - 0x0000000061dc8000 	C:\Program Files\Java\jdk1.8.0_11\jre\bin\java.dll
0x000000005e670000 - 0x000000005e6a5000 	C:\Program Files\Java\jdk1.8.0_11\jre\bin\jdwp.dll
0x000000005e660000 - 0x000000005e668000 	C:\Program Files\Java\jdk1.8.0_11\jre\bin\npt.dll
0x00000000627e0000 - 0x00000000627f6000 	C:\Program Files\Java\jdk1.8.0_11\jre\bin\zip.dll
0x000000005e650000 - 0x000000005e659000 	C:\Program Files\Java\jdk1.8.0_11\jre\bin\dt_socket.dll
0x00007ffd20140000 - 0x00007ffd20198000 	C:\Windows\system32\mswsock.dll
0x0000000061d50000 - 0x0000000061d5d000 	C:\Program Files\Java\jdk1.8.0_11\jre\bin\management.dll
0x0000000061d80000 - 0x0000000061d9a000 	C:\Program Files\Java\jdk1.8.0_11\jre\bin\net.dll
0x00007ffd0fc70000 - 0x00007ffd0fc84000 	C:\Windows\system32\napinsp.dll
0x00007ffd0fc50000 - 0x00007ffd0fc69000 	C:\Windows\system32\pnrpnsp.dll
0x00007ffd1b290000 - 0x00007ffd1b2a9000 	C:\Windows\system32\NLAapi.dll
0x00007ffd1ff50000 - 0x00007ffd1fff3000 	C:\Windows\SYSTEM32\DNSAPI.dll
0x00007ffd0fc40000 - 0x00007ffd0fc4c000 	C:\Windows\System32\winrnr.dll
0x00007ffd19ba0000 - 0x00007ffd19bb3000 	C:\Windows\system32\wshbth.dll
0x00007ffd0fc30000 - 0x00007ffd0fc39000 	C:\Windows\System32\rasadhlp.dll
0x00007ffd1acb0000 - 0x00007ffd1acd9000 	C:\Windows\SYSTEM32\IPHLPAPI.DLL
0x00007ffd1ac80000 - 0x00007ffd1ac8a000 	C:\Windows\SYSTEM32\WINNSI.DLL
0x00007ffd1ab60000 - 0x00007ffd1abcb000 	C:\Windows\System32\fwpuclnt.dll
0x0000000061d60000 - 0x0000000061d71000 	C:\Program Files\Java\jdk1.8.0_11\jre\bin\nio.dll
0x00007ffd201a0000 - 0x00007ffd201be000 	C:\Windows\SYSTEM32\CRYPTSP.dll
0x00007ffd1fd90000 - 0x00007ffd1fdc5000 	C:\Windows\system32\rsaenh.dll
0x00007ffd203d0000 - 0x00007ffd203f6000 	C:\Windows\SYSTEM32\bcrypt.dll
0x00007ffd206f0000 - 0x00007ffd20750000 	C:\Windows\system32\bcryptprimitives.dll
0x00007ffd20750000 - 0x00007ffd2075a000 	C:\Windows\SYSTEM32\CRYPTBASE.dll
0x00007ffd1ab00000 - 0x00007ffd1ab14000 	C:\Windows\SYSTEM32\dhcpcsvc6.DLL
0x00007ffd1aae0000 - 0x00007ffd1aaf9000 	C:\Windows\SYSTEM32\dhcpcsvc.DLL
0x000000005ed00000 - 0x000000005ed24000 	C:\Program Files\Java\jdk1.8.0_11\jre\bin\sunec.dll
0x00007ffd14ac0000 - 0x00007ffd14c48000 	C:\Windows\SYSTEM32\dbghelp.dll

VM Arguments:
jvm_args: -Xdebug -Xrunjdwp:transport=dt_socket,server=n,address=49580 
java_command: com.example.demo.DemoApplication
java_class_path (initial): E:\Personal\Programming For All Channel\Spring Boot Course\All Workspaces\Spring Security\Basic Authentication - CustomUser - Authorization\demo\target\classes;C:\Users\user\.m2\repository\org\springframework\boot\spring-boot-starter-data-jpa\2.2.6.RELEASE\spring-boot-starter-data-jpa-2.2.6.RELEASE.jar;C:\Users\user\.m2\repository\org\springframework\boot\spring-boot-starter-aop\2.2.6.RELEASE\spring-boot-starter-aop-2.2.6.RELEASE.jar;C:\Users\user\.m2\repository\org\aspectj\aspectjweaver\1.9.5\aspectjweaver-1.9.5.jar;C:\Users\user\.m2\repository\org\springframework\boot\spring-boot-starter-jdbc\2.2.6.RELEASE\spring-boot-starter-jdbc-2.2.6.RELEASE.jar;C:\Users\user\.m2\repository\com\zaxxer\HikariCP\3.4.2\HikariCP-3.4.2.jar;C:\Users\user\.m2\repository\org\springframework\spring-jdbc\5.2.5.RELEASE\spring-jdbc-5.2.5.RELEASE.jar;C:\Users\user\.m2\repository\jakarta\activation\jakarta.activation-api\1.2.2\jakarta.activation-api-1.2.2.jar;C:\Users\user\.m2\repository\jakarta\persistence\jakarta.persistence-api\2.2.3\jakarta.persistence-api-2.2.3.jar;C:\Users\user\.m2\repository\jakarta\transaction\jakarta.transaction-api\1.3.3\jakarta.transaction-api-1.3.3.jar;C:\Users\user\.m2\repository\org\hibernate\hibernate-core\5.4.12.Final\hibernate-core-5.4.12.Final.jar;C:\Users\user\.m2\repository\org\jboss\logging\jboss-logging\3.4.1.Final\jboss-logging-3.4.1.Final.jar;C:\Users\user\.m2\repository\org\javassist\javassist\3.24.0-GA\javassist-3.24.0-GA.jar;C:\Users\user\.m2\repository\net\bytebuddy\byte-buddy\1.10.8\byte-buddy-1.10.8.jar;C:\Users\user\.m2\repository\antlr\antlr\2.7.7\antlr-2.7.7.jar;C:\Users\user\.m2\repository\org\jboss\jandex\2.1.1.Final\jandex-2.1.1.Final.jar;C:\Users\user\.m2\repository\com\fasterxml\classmate\1.5.1\classmate-1.5.1.jar;C:\Users\user\.m2\repository\org\dom4j\dom4j\2.1.1\dom4j-2.1.1.jar;C:\Users\user\.m2\repository\org\hibernate\common\hibernate-commons-annotations\5.1.0.Final\hibernate-commons-annotations-5.1.0.Fin
Launcher Type: SUN_STANDARD

Environment Variables:
JAVA_HOME=C:\Program Files\Java\jdk1.8.0_11
PATH=C:\Program Files (x86)\NVIDIA Corporation\PhysX\Common;C:\Program Files (x86)\Intel\iCLS Client\;C:\Program Files\Intel\iCLS Client\;C:\Windows\system32;C:\Windows;C:\Windows\System32\Wbem;C:\Windows\System32\WindowsPowerShell\v1.0\;C:\Program Files\Intel\Intel(R) Management Engine Components\DAL;C:\Program Files (x86)\Intel\Intel(R) Management Engine Components\DAL;C:\Program Files\Intel\Intel(R) Management Engine Components\IPT;C:\Program Files (x86)\Intel\Intel(R) Management Engine Components\IPT
USERNAME=user
OS=Windows_NT
PROCESSOR_IDENTIFIER=Intel64 Family 6 Model 61 Stepping 4, GenuineIntel



---------------  S Y S T E M  ---------------

OS: Windows 8.1 , 64 bit Build 9600 

CPU:total 4 (2 cores per cpu, 2 threads per core) family 6 model 61 stepping 4, cmov, cx8, fxsr, mmx, sse, sse2, sse3, ssse3, sse4.1, sse4.2, popcnt, avx, avx2, aes, clmul, erms, ht, tsc, tscinvbit

Memory: 4k page, physical 8307380k(2132916k free), swap 9618100k(3043900k free)

vm_info: Java HotSpot(TM) 64-Bit Server VM (25.11-b03) for windows-amd64 JRE (1.8.0_11-b12), built on Jun 16 2014 20:57:32 by "java_re" with MS VC++ 10.0 (VS2010)

time: Thu May 14 13:51:30 2020
elapsed time: 178 seconds

